app/build/outputs/logs/manifest-merger-release-report.txt
-- Merging decision tree log ---
manifest
ADDED from src\main\AndroidManifest.xml:2:1-186:12
INJECTED from src\main\AndroidManifest.xml:2:1-186:12
INJECTED from src\main\AndroidManifest.xml:2:1-186:12
INJECTED from src\main\AndroidManifest.xml:2:1-186:12
MERGED from [com.android.support:design:23.3.0] AndroidManifest.xml:17:1-24:12
MERGED from [com.android.support:appcompat-v7:23.3.0] AndroidManifest.xml:17:1-27:12
MERGED from [com.facebook.fresco:fresco:0.9.0] AndroidManifest.xml:2:1-9:12
MERGED from [com.github.ksoichiro:android-observablescrollview:1.6.0] AndroidManifest.xml:17:1-23:12
MERGED from [com.android.support:animated-vector-drawable:23.3.0] AndroidManifest.xml:2:1-9:12
MERGED from [com.android.support:support-vector-drawable:23.3.0] AndroidManifest.xml:2:1-9:12
MERGED from [com.facebook.fresco:drawee:0.9.0] AndroidManifest.xml:2:1-9:12
MERGED from [com.facebook.fresco:imagepipeline:0.9.0] AndroidManifest.xml:2:1-9:12
MERGED from [com.facebook.fresco:imagepipeline-base:0.9.0] AndroidManifest.xml:2:1-9:12
MERGED from [com.android.support:recyclerview-v7:23.3.0] AndroidManifest.xml:17:1-22:12
MERGED from [com.android.support:support-v4:23.3.0] AndroidManifest.xml:17:1-24:12
MERGED from [com.facebook.fresco:fbcore:0.9.0] AndroidManifest.xml:2:1-9:12
INJECTED from src\main\AndroidManifest.xml:2:1-186:12
INJECTED from src\main\AndroidManifest.xml:2:1-186:12
INJECTED from src\main\AndroidManifest.xml:2:1-186:12
	package
		ADDED from src\main\AndroidManifest.xml:3:5-29
		INJECTED from src\main\AndroidManifest.xml
		INJECTED from src\main\AndroidManifest.xml
	android:versionName
		INJECTED from src\main\AndroidManifest.xml
		ADDED from src\main\AndroidManifest.xml:2:1-186:12
		INJECTED from src\main\AndroidManifest.xml
	android:versionCode
		INJECTED from src\main\AndroidManifest.xml
		ADDED from src\main\AndroidManifest.xml:2:1-186:12
		INJECTED from src\main\AndroidManifest.xml
	xmlns:android
		ADDED from src\main\AndroidManifest.xml:2:11-69
uses-permission#android.permission.READ_EXTERNAL_STORAGE
ADDED from src\main\AndroidManifest.xml:5:5-80
	android:name
		ADDED from src\main\AndroidManifest.xml:5:22-77
uses-permission#android.permission.MOUNT_UNMOUNT_FILESYSTEMS
ADDED from src\main\AndroidManifest.xml:6:5-84
	android:name
		ADDED from src\main\AndroidManifest.xml:6:22-81
uses-permission#android.permission.WRITE_EXTERNAL_STORAGE
ADDED from src\main\AndroidManifest.xml:7:5-81
	android:name
		ADDED from src\main\AndroidManifest.xml:7:22-78
uses-permission#android.permission.WAKE_LOCK
ADDED from src\main\AndroidManifest.xml:8:5-68
	android:name
		ADDED from src\main\AndroidManifest.xml:8:22-65
uses-permission#android.permission.INTERNET
ADDED from src\main\AndroidManifest.xml:9:5-67
	android:name
		ADDED from src\main\AndroidManifest.xml:9:22-64
uses-permission#android.permission.BROADCAST_STICKY
ADDED from src\main\AndroidManifest.xml:10:5-75
	android:name
		ADDED from src\main\AndroidManifest.xml:10:22-72
uses-permission#android.permission.WRITE_SETTINGS
ADDED from src\main\AndroidManifest.xml:11:5-73
	android:name
		ADDED from src\main\AndroidManifest.xml:11:22-70
uses-permission#android.permission.ACCESS_WIFI_STATE
ADDED from src\main\AndroidManifest.xml:12:5-76
	android:name
		ADDED from src\main\AndroidManifest.xml:12:22-73
uses-permission#android.permission.ACCESS_NETWORK_STATE
ADDED from src\main\AndroidManifest.xml:13:5-79
	android:name
		ADDED from src\main\AndroidManifest.xml:13:22-76
uses-permission#android.permission.DISABLE_KEYGUARD
ADDED from src\main\AndroidManifest.xml:14:5-76
	android:name
		ADDED from src\main\AndroidManifest.xml:14:22-74
uses-permission#android.permission.READ_PHONE_STATE
ADDED from src\main\AndroidManifest.xml:15:5-75
	android:name
		ADDED from src\main\AndroidManifest.xml:15:22-72
uses-permission#android.permission.SYSTEM_ALERT_WINDOW
ADDED from src\main\AndroidManifest.xml:16:5-78
	android:name
		ADDED from src\main\AndroidManifest.xml:16:22-75
application
ADDED from src\main\AndroidManifest.xml:18:5-184:19
MERGED from [com.android.support:design:23.3.0] AndroidManifest.xml:22:5-20
MERGED from [com.android.support:design:23.3.0] AndroidManifest.xml:22:5-20
MERGED from [com.android.support:appcompat-v7:23.3.0] AndroidManifest.xml:25:5-20
MERGED from [com.android.support:appcompat-v7:23.3.0] AndroidManifest.xml:25:5-20
MERGED from [com.android.support:animated-vector-drawable:23.3.0] AndroidManifest.xml:7:5-20
MERGED from [com.android.support:animated-vector-drawable:23.3.0] AndroidManifest.xml:7:5-20
MERGED from [com.android.support:support-vector-drawable:23.3.0] AndroidManifest.xml:7:5-20
MERGED from [com.android.support:support-vector-drawable:23.3.0] AndroidManifest.xml:7:5-20
MERGED from [com.android.support:support-v4:23.3.0] AndroidManifest.xml:22:5-20
MERGED from [com.android.support:support-v4:23.3.0] AndroidManifest.xml:22:5-20
	android:supportsRtl
		ADDED from src\main\AndroidManifest.xml:23:9-35
	android:label
		ADDED from src\main\AndroidManifest.xml:22:9-41
	android:icon
		ADDED from src\main\AndroidManifest.xml:21:9-43
	android:allowBackup
		ADDED from src\main\AndroidManifest.xml:20:9-35
	android:theme
		ADDED from src\main\AndroidManifest.xml:24:9-40
	android:name
		ADDED from src\main\AndroidManifest.xml:19:9-40
activity#com.tencent.tauth.AuthActivity
ADDED from src\main\AndroidManifest.xml:25:9-35:20
	android:launchMode
		ADDED from src\main\AndroidManifest.xml:27:13-44
	android:noHistory
		ADDED from src\main\AndroidManifest.xml:28:13-37
	android:name
		ADDED from src\main\AndroidManifest.xml:26:13-58
intent-filter#android.intent.action.VIEW+android.intent.category.BROWSABLE+android.intent.category.DEFAULT
ADDED from src\main\AndroidManifest.xml:29:13-34:29
action#android.intent.action.VIEW
ADDED from src\main\AndroidManifest.xml:30:17-69
	android:name
		ADDED from src\main\AndroidManifest.xml:30:25-66
category#android.intent.category.DEFAULT
ADDED from src\main\AndroidManifest.xml:31:17-76
	android:name
		ADDED from src\main\AndroidManifest.xml:31:27-73
category#android.intent.category.BROWSABLE
ADDED from src\main\AndroidManifest.xml:32:17-78
	android:name
		ADDED from src\main\AndroidManifest.xml:32:27-75
data
ADDED from src\main\AndroidManifest.xml:33:17-60
	android:scheme
		ADDED from src\main\AndroidManifest.xml:33:23-57
activity#com.tencent.connect.common.AssistActivity
ADDED from src\main\AndroidManifest.xml:36:9-38:51
	android:screenOrientation
		ADDED from src\main\AndroidManifest.xml:38:13-49
	android:theme
		ADDED from src\main\AndroidManifest.xml:37:13-72
	android:name
		ADDED from src\main\AndroidManifest.xml:36:19-75
activity#com.wm.remusic.activity.MainActivity
ADDED from src\main\AndroidManifest.xml:39:9-47:20
	android:screenOrientation
		ADDED from src\main\AndroidManifest.xml:42:13-49
	android:label
		ADDED from src\main\AndroidManifest.xml:41:13-45
	android:name
		ADDED from src\main\AndroidManifest.xml:40:13-50
activity#com.wm.remusic.activity.LoadingActivity
ADDED from src\main\AndroidManifest.xml:48:9-50:52
	android:screenOrientation
		ADDED from src\main\AndroidManifest.xml:50:13-49
	android:name
		ADDED from src\main\AndroidManifest.xml:49:13-53
activity#com.wm.remusic.activity.NetSearchWordsActivity
ADDED from src\main\AndroidManifest.xml:51:9-53:52
	android:screenOrientation
		ADDED from src\main\AndroidManifest.xml:53:13-49
	android:name
		ADDED from src\main\AndroidManifest.xml:52:13-60
activity#com.wm.remusic.activity.PlayingActivity
ADDED from src\main\AndroidManifest.xml:54:9-61:20
	android:screenOrientation
		ADDED from src\main\AndroidManifest.xml:57:13-49
	android:launchMode
		ADDED from src\main\AndroidManifest.xml:56:13-44
	android:name
		ADDED from src\main\AndroidManifest.xml:55:13-53
intent-filter#com.wm.remusic.LAUNCH_NOW_PLAYING_ACTION
ADDED from src\main\AndroidManifest.xml:58:13-60:29
action#com.wm.remusic.LAUNCH_NOW_PLAYING_ACTION
ADDED from src\main\AndroidManifest.xml:59:17-83
	android:name
		ADDED from src\main\AndroidManifest.xml:59:25-80
activity#com.wm.remusic.activity.LocalSearchActivity
ADDED from src\main\AndroidManifest.xml:62:9-64:52
	android:screenOrientation
		ADDED from src\main\AndroidManifest.xml:64:13-49
	android:name
		ADDED from src\main\AndroidManifest.xml:63:13-57
activity#com.wm.remusic.activity.SelectActivity
ADDED from src\main\AndroidManifest.xml:65:9-67:52
	android:screenOrientation
		ADDED from src\main\AndroidManifest.xml:67:13-49
	android:name
		ADDED from src\main\AndroidManifest.xml:66:13-52
activity#com.wm.remusic.activity.PlaylistSelectActivity
ADDED from src\main\AndroidManifest.xml:68:9-70:52
	android:screenOrientation
		ADDED from src\main\AndroidManifest.xml:70:13-49
	android:name
		ADDED from src\main\AndroidManifest.xml:69:13-60
activity#com.wm.remusic.activity.PlaylistManagerActivity
ADDED from src\main\AndroidManifest.xml:71:9-73:52
	android:screenOrientation
		ADDED from src\main\AndroidManifest.xml:73:13-49
	android:name
		ADDED from src\main\AndroidManifest.xml:72:13-61
activity#com.wm.remusic.activity.AlbumsDetailActivity
ADDED from src\main\AndroidManifest.xml:74:9-76:52
	android:screenOrientation
		ADDED from src\main\AndroidManifest.xml:76:13-49
	android:name
		ADDED from src\main\AndroidManifest.xml:75:13-58
activity#com.wm.remusic.activity.TabActivity
ADDED from src\main\AndroidManifest.xml:77:9-79:52
	android:screenOrientation
		ADDED from src\main\AndroidManifest.xml:79:13-49
	android:name
		ADDED from src\main\AndroidManifest.xml:78:13-49
activity#com.wm.remusic.activity.DownActivity
ADDED from src\main\AndroidManifest.xml:80:9-95
	android:screenOrientation
		ADDED from src\main\AndroidManifest.xml:80:57-93
	android:name
		ADDED from src\main\AndroidManifest.xml:80:19-56
activity#com.wm.remusic.activity.PlaylistActivity
ADDED from src\main\AndroidManifest.xml:81:9-99
	android:screenOrientation
		ADDED from src\main\AndroidManifest.xml:81:61-97
	android:name
		ADDED from src\main\AndroidManifest.xml:81:19-60
activity#com.wm.remusic.activity.RecentActivity
ADDED from src\main\AndroidManifest.xml:82:9-97
	android:screenOrientation
		ADDED from src\main\AndroidManifest.xml:82:59-95
	android:name
		ADDED from src\main\AndroidManifest.xml:82:19-58
activity#com.wm.remusic.activity.NetItemChangeActivity
ADDED from src\main\AndroidManifest.xml:83:9-104
	android:screenOrientation
		ADDED from src\main\AndroidManifest.xml:83:66-102
	android:name
		ADDED from src\main\AndroidManifest.xml:83:19-65
activity#com.wm.remusic.activity.ArtistDetailActivity
ADDED from src\main\AndroidManifest.xml:84:9-103
	android:screenOrientation
		ADDED from src\main\AndroidManifest.xml:84:65-101
	android:name
		ADDED from src\main\AndroidManifest.xml:84:19-64
activity#com.wm.remusic.activity.RadioDetailActivity
ADDED from src\main\AndroidManifest.xml:85:9-102
	android:screenOrientation
		ADDED from src\main\AndroidManifest.xml:85:64-100
	android:name
		ADDED from src\main\AndroidManifest.xml:85:19-63
activity#com.wm.remusic.activity.LockActivity
ADDED from src\main\AndroidManifest.xml:86:9-93:53
	android:screenOrientation
		ADDED from src\main\AndroidManifest.xml:90:13-49
	android:excludeFromRecents
		ADDED from src\main\AndroidManifest.xml:87:13-46
	android:launchMode
		ADDED from src\main\AndroidManifest.xml:89:13-48
	android:noHistory
		ADDED from src\main\AndroidManifest.xml:91:13-37
	android:exported
		ADDED from src\main\AndroidManifest.xml:88:13-37
	android:theme
		ADDED from src\main\AndroidManifest.xml:93:13-51
	android:taskAffinity
		ADDED from src\main\AndroidManifest.xml:92:13-63
	android:name
		ADDED from src\main\AndroidManifest.xml:86:19-56
activity#com.wm.remusic.activity.RankPlaylistActivity
ADDED from src\main\AndroidManifest.xml:94:9-66
	android:name
		ADDED from src\main\AndroidManifest.xml:94:19-64
activity#com.wm.remusic.request.UiMonitorActivity
ADDED from src\main\AndroidManifest.xml:95:9-62
	android:name
		ADDED from src\main\AndroidManifest.xml:95:19-60
service#com.wm.remusic.downmusic.DownService
ADDED from src\main\AndroidManifest.xml:97:9-109:19
	android:name
		ADDED from src\main\AndroidManifest.xml:97:18-55
intent-filter#com.wm.remusic.caclealltask+com.wm.remusic.cacletask+com.wm.remusic.downtaskadd+com.wm.remusic.multidowntaskadd+com.wm.remusic.pausealltask+com.wm.remusic.pausetask+com.wm.remusic.resumestarttask+com.wm.remusic.startalltask
ADDED from src\main\AndroidManifest.xml:98:13-107:29
action#com.wm.remusic.downtaskadd
ADDED from src\main\AndroidManifest.xml:99:17-68
	android:name
		ADDED from src\main\AndroidManifest.xml:99:25-66
action#com.wm.remusic.resumestarttask
ADDED from src\main\AndroidManifest.xml:100:17-72
	android:name
		ADDED from src\main\AndroidManifest.xml:100:25-70
action#com.wm.remusic.startalltask
ADDED from src\main\AndroidManifest.xml:101:17-69
	android:name
		ADDED from src\main\AndroidManifest.xml:101:25-67
action#com.wm.remusic.multidowntaskadd
ADDED from src\main\AndroidManifest.xml:102:17-73
	android:name
		ADDED from src\main\AndroidManifest.xml:102:25-71
action#com.wm.remusic.pausetask
ADDED from src\main\AndroidManifest.xml:103:17-66
	android:name
		ADDED from src\main\AndroidManifest.xml:103:25-64
action#com.wm.remusic.pausealltask
ADDED from src\main\AndroidManifest.xml:104:17-69
	android:name
		ADDED from src\main\AndroidManifest.xml:104:25-67
action#com.wm.remusic.cacletask
ADDED from src\main\AndroidManifest.xml:105:17-66
	android:name
		ADDED from src\main\AndroidManifest.xml:105:25-64
action#com.wm.remusic.caclealltask
ADDED from src\main\AndroidManifest.xml:106:17-69
	android:name
		ADDED from src\main\AndroidManifest.xml:106:25-67
service#com.wm.remusic.service.MediaService
ADDED from src\main\AndroidManifest.xml:110:9-112:39
	android:process
		ADDED from src\main\AndroidManifest.xml:112:13-36
	android:name
		ADDED from src\main\AndroidManifest.xml:111:13-49
receiver#com.wm.remusic.receiver.MediaButtonIntentReceiver
ADDED from src\main\AndroidManifest.xml:114:9-119:20
	android:name
		ADDED from src\main\AndroidManifest.xml:114:19-69
intent-filter#android.intent.action.MEDIA_BUTTON+android.media.AUDIO_BECOMING_NOISY
ADDED from src\main\AndroidManifest.xml:115:13-118:29
action#android.intent.action.MEDIA_BUTTON
ADDED from src\main\AndroidManifest.xml:116:17-77
	android:name
		ADDED from src\main\AndroidManifest.xml:116:25-74
action#android.media.AUDIO_BECOMING_NOISY
ADDED from src\main\AndroidManifest.xml:117:17-77
	android:name
		ADDED from src\main\AndroidManifest.xml:117:25-74
receiver#com.wm.remusic.receiver.LaunchNowPlayingReceiver
ADDED from src\main\AndroidManifest.xml:121:9-125:20
	android:name
		ADDED from src\main\AndroidManifest.xml:121:19-68
receiver#com.wm.remusic.widget.SimpleWidgetProvider
ADDED from src\main\AndroidManifest.xml:127:9-136:20
	android:name
		ADDED from src\main\AndroidManifest.xml:127:19-62
intent-filter#android.appwidget.action.APPWIDGET_UPDATE+com.wm.remusi.change_music+com.wm.remusic.metachanged+com.wm.remusic.progress
ADDED from src\main\AndroidManifest.xml:128:13-133:29
action#android.appwidget.action.APPWIDGET_UPDATE
ADDED from src\main\AndroidManifest.xml:129:17-84
	android:name
		ADDED from src\main\AndroidManifest.xml:129:25-81
action#com.wm.remusic.metachanged
ADDED from src\main\AndroidManifest.xml:130:17-68
	android:name
		ADDED from src\main\AndroidManifest.xml:130:25-66
action#com.wm.remusi.change_music
ADDED from src\main\AndroidManifest.xml:131:17-68
	android:name
		ADDED from src\main\AndroidManifest.xml:131:25-66
action#com.wm.remusic.progress
ADDED from src\main\AndroidManifest.xml:132:17-65
	android:name
		ADDED from src\main\AndroidManifest.xml:132:25-63
meta-data#android.appwidget.provider
ADDED from src\main\AndroidManifest.xml:134:13-135:58
	android:resource
		ADDED from src\main\AndroidManifest.xml:135:17-55
	android:name
		ADDED from src\main\AndroidManifest.xml:134:24-65
activity#net.youmi.android.AdBrowser
ADDED from src\main\AndroidManifest.xml:138:9-142:20
	android:configChanges
		ADDED from src\main\AndroidManifest.xml:140:13-96
	android:theme
		ADDED from src\main\AndroidManifest.xml:141:13-66
	android:name
		ADDED from src\main\AndroidManifest.xml:139:13-55
service#net.youmi.android.AdService
ADDED from src\main\AndroidManifest.xml:143:9-146:19
	android:exported
		ADDED from src\main\AndroidManifest.xml:145:13-37
	android:name
		ADDED from src\main\AndroidManifest.xml:144:13-55
receiver#net.youmi.android.AdReceiver
ADDED from src\main\AndroidManifest.xml:147:9-153:20
	android:name
		ADDED from src\main\AndroidManifest.xml:148:13-56
intent-filter#android.intent.action.PACKAGE_ADDED
ADDED from src\main\AndroidManifest.xml:149:13-152:29
action#android.intent.action.PACKAGE_ADDED
ADDED from src\main\AndroidManifest.xml:150:17-78
	android:name
		ADDED from src\main\AndroidManifest.xml:150:25-75
activity#com.wm.remusic.activity.SplashActivity
ADDED from src\main\AndroidManifest.xml:154:9-165:16
	android:screenOrientation
		ADDED from src\main\AndroidManifest.xml:154:92-128
	android:label
		ADDED from src\main\AndroidManifest.xml:154:59-91
	android:configChanges
		ADDED from src\main\AndroidManifest.xml:154:129-212
	android:name
		ADDED from src\main\AndroidManifest.xml:154:19-58
intent-filter#android.intent.action.MAIN+android.intent.category.LAUNCHER
ADDED from src\main\AndroidManifest.xml:157:10-163:21
action#android.intent.action.MAIN
ADDED from src\main\AndroidManifest.xml:159:9-60
	android:name
		ADDED from src\main\AndroidManifest.xml:159:17-58
category#android.intent.category.LAUNCHER
ADDED from src\main\AndroidManifest.xml:161:9-68
	android:name
		ADDED from src\main\AndroidManifest.xml:161:19-66
activity#com.wm.remusic.activity.LoginActivity
ADDED from src\main\AndroidManifest.xml:166:9-168:38
	android:exported
		ADDED from src\main\AndroidManifest.xml:168:13-36
	android:name
		ADDED from src\main\AndroidManifest.xml:166:19-57
provider#android.support.v4.content.FileProvider
ADDED from src\main\AndroidManifest.xml:173:9-182:21
	android:grantUriPermissions
		ADDED from src\main\AndroidManifest.xml:177:13-47
	android:authorities
		ADDED from src\main\AndroidManifest.xml:175:13-62
	android:exported
		ADDED from src\main\AndroidManifest.xml:176:13-37
	android:name
		ADDED from src\main\AndroidManifest.xml:174:13-67
meta-data#android.support.FILE_PROVIDER_PATHS
ADDED from src\main\AndroidManifest.xml:179:13-181:57
	android:resource
		ADDED from src\main\AndroidManifest.xml:181:17-54
	android:name
		ADDED from src\main\AndroidManifest.xml:180:17-67
uses-sdk
INJECTED from src\main\AndroidManifest.xml reason: use-sdk injection requested
INJECTED from src\main\AndroidManifest.xml
INJECTED from src\main\AndroidManifest.xml
MERGED from [com.android.support:design:23.3.0] AndroidManifest.xml:20:5-43
MERGED from [com.android.support:design:23.3.0] AndroidManifest.xml:20:5-43
MERGED from [com.android.support:appcompat-v7:23.3.0] AndroidManifest.xml:21:5-23:78
MERGED from [com.android.support:appcompat-v7:23.3.0] AndroidManifest.xml:21:5-23:78
MERGED from [com.facebook.fresco:fresco:0.9.0] AndroidManifest.xml:5:5-7:41
MERGED from [com.facebook.fresco:fresco:0.9.0] AndroidManifest.xml:5:5-7:41
MERGED from [com.github.ksoichiro:android-observablescrollview:1.6.0] AndroidManifest.xml:21:5-43
MERGED from [com.github.ksoichiro:android-observablescrollview:1.6.0] AndroidManifest.xml:21:5-43
MERGED from [com.android.support:animated-vector-drawable:23.3.0] AndroidManifest.xml:5:5-44
MERGED from [com.android.support:animated-vector-drawable:23.3.0] AndroidManifest.xml:5:5-44
MERGED from [com.android.support:support-vector-drawable:23.3.0] AndroidManifest.xml:5:5-43
MERGED from [com.android.support:support-vector-drawable:23.3.0] AndroidManifest.xml:5:5-43
MERGED from [com.facebook.fresco:drawee:0.9.0] AndroidManifest.xml:5:5-7:41
MERGED from [com.facebook.fresco:drawee:0.9.0] AndroidManifest.xml:5:5-7:41
MERGED from [com.facebook.fresco:imagepipeline:0.9.0] AndroidManifest.xml:5:5-7:41
MERGED from [com.facebook.fresco:imagepipeline:0.9.0] AndroidManifest.xml:5:5-7:41
MERGED from [com.facebook.fresco:imagepipeline-base:0.9.0] AndroidManifest.xml:5:5-7:41
MERGED from [com.facebook.fresco:imagepipeline-base:0.9.0] AndroidManifest.xml:5:5-7:41
MERGED from [com.android.support:recyclerview-v7:23.3.0] AndroidManifest.xml:20:5-43
MERGED from [com.android.support:recyclerview-v7:23.3.0] AndroidManifest.xml:20:5-43
MERGED from [com.android.support:support-v4:23.3.0] AndroidManifest.xml:20:5-43
MERGED from [com.android.support:support-v4:23.3.0] AndroidManifest.xml:20:5-43
MERGED from [com.facebook.fresco:fbcore:0.9.0] AndroidManifest.xml:5:5-7:41
MERGED from [com.facebook.fresco:fbcore:0.9.0] AndroidManifest.xml:5:5-7:41
INJECTED from src\main\AndroidManifest.xml
INJECTED from src\main\AndroidManifest.xml
	tools:overrideLibrary
		ADDED from [com.android.support:appcompat-v7:23.3.0] AndroidManifest.xml:23:9-75
	android:targetSdkVersion
		INJECTED from src\main\AndroidManifest.xml
		ADDED from src\main\AndroidManifest.xml
		INJECTED from src\main\AndroidManifest.xml
	android:minSdkVersion
		INJECTED from src\main\AndroidManifest.xml
		ADDED from src\main\AndroidManifest.xml
		INJECTED from src\main\AndroidManifest.xml